[2025-06-01 14:56:48]	[info] incremental build: 23 source files changed
These source files will be recompiled
---
'f:\STM32cubeMX\Projects\TempMeas\Core\Src\ds18b20.c': object (.o) file not exist
'f:\STM32cubeMX\Projects\TempMeas\Core\Src\gpio.c': object (.o) file not exist
'f:\STM32cubeMX\Projects\TempMeas\Core\Src\main.c': object (.o) file not exist
'f:\STM32cubeMX\Projects\TempMeas\Core\Src\stm32f1xx_hal_msp.c': object (.o) file not exist
'f:\STM32cubeMX\Projects\TempMeas\Core\Src\stm32f1xx_it.c': object (.o) file not exist
'f:\STM32cubeMX\Projects\TempMeas\Core\Src\system_stm32f1xx.c': object (.o) file not exist
'f:\STM32cubeMX\Projects\TempMeas\Core\Src\tim.c': object (.o) file not exist
'f:\STM32cubeMX\Projects\TempMeas\Core\Src\usart.c': object (.o) file not exist
'C:\Users\Y\STM32Cube\Repository\STM32Cube_FW_F1_V1.8.6\Drivers\STM32F1xx_HAL_Driver\Src\stm32f1xx_hal.c': object (.o) file not exist
'C:\Users\Y\STM32Cube\Repository\STM32Cube_FW_F1_V1.8.6\Drivers\STM32F1xx_HAL_Driver\Src\stm32f1xx_hal_cortex.c': object (.o) file not exist
'C:\Users\Y\STM32Cube\Repository\STM32Cube_FW_F1_V1.8.6\Drivers\STM32F1xx_HAL_Driver\Src\stm32f1xx_hal_dma.c': object (.o) file not exist
'C:\Users\Y\STM32Cube\Repository\STM32Cube_FW_F1_V1.8.6\Drivers\STM32F1xx_HAL_Driver\Src\stm32f1xx_hal_exti.c': object (.o) file not exist
'C:\Users\Y\STM32Cube\Repository\STM32Cube_FW_F1_V1.8.6\Drivers\STM32F1xx_HAL_Driver\Src\stm32f1xx_hal_flash.c': object (.o) file not exist
'C:\Users\Y\STM32Cube\Repository\STM32Cube_FW_F1_V1.8.6\Drivers\STM32F1xx_HAL_Driver\Src\stm32f1xx_hal_flash_ex.c': object (.o) file not exist
'C:\Users\Y\STM32Cube\Repository\STM32Cube_FW_F1_V1.8.6\Drivers\STM32F1xx_HAL_Driver\Src\stm32f1xx_hal_gpio.c': object (.o) file not exist
'C:\Users\Y\STM32Cube\Repository\STM32Cube_FW_F1_V1.8.6\Drivers\STM32F1xx_HAL_Driver\Src\stm32f1xx_hal_gpio_ex.c': object (.o) file not exist
'C:\Users\Y\STM32Cube\Repository\STM32Cube_FW_F1_V1.8.6\Drivers\STM32F1xx_HAL_Driver\Src\stm32f1xx_hal_pwr.c': object (.o) file not exist
'C:\Users\Y\STM32Cube\Repository\STM32Cube_FW_F1_V1.8.6\Drivers\STM32F1xx_HAL_Driver\Src\stm32f1xx_hal_rcc.c': object (.o) file not exist
'C:\Users\Y\STM32Cube\Repository\STM32Cube_FW_F1_V1.8.6\Drivers\STM32F1xx_HAL_Driver\Src\stm32f1xx_hal_rcc_ex.c': object (.o) file not exist
'C:\Users\Y\STM32Cube\Repository\STM32Cube_FW_F1_V1.8.6\Drivers\STM32F1xx_HAL_Driver\Src\stm32f1xx_hal_tim.c': object (.o) file not exist
'C:\Users\Y\STM32Cube\Repository\STM32Cube_FW_F1_V1.8.6\Drivers\STM32F1xx_HAL_Driver\Src\stm32f1xx_hal_tim_ex.c': object (.o) file not exist
'C:\Users\Y\STM32Cube\Repository\STM32Cube_FW_F1_V1.8.6\Drivers\STM32F1xx_HAL_Driver\Src\stm32f1xx_hal_uart.c': object (.o) file not exist
'f:\STM32cubeMX\Projects\TempMeas\MDK-ARM\startup_stm32f103xe.s': object (.o) file not exist

[2025-06-01 14:56:51]	link failed !, exit code: 1
   at unify_builder.Program.Main(String[] args_)
---
Error: L6406E: No space in execution regions with .ANY selector matching _printf_fp_dec.o(.text).
Error: L6406E: No space in execution regions with .ANY selector matching startup_stm32f103xe.o(STACK).
Error: L6406E: No space in execution regions with .ANY selector matching btod.o(CL$$btod_div_common).
Error: L6406E: No space in execution regions with .ANY selector matching stm32f1xx_hal_rcc.o(i.HAL_RCC_OscConfig).
Error: L6406E: No space in execution regions with .ANY selector matching stm32f1xx_hal_uart.o(i.HAL_UART_IRQHandler).
Error: L6406E: No space in execution regions with .ANY selector matching btod.o(CL$$btod_mult_common).
Error: L6406E: No space in execution regions with .ANY selector matching startup_stm32f103xe.o(HEAP).
Error: L6406E: No space in execution regions with .ANY selector matching stm32f1xx_hal_gpio.o(i.HAL_GPIO_Init).
Error: L6406E: No space in execution regions with .ANY selector matching stm32f1xx_hal_dma.o(i.HAL_DMA_Abort_IT).
Error: L6406E: No space in execution regions with .ANY selector matching stm32f1xx_hal_rcc.o(i.HAL_RCC_ClockConfig).
Error: L6406E: No space in execution regions with .ANY selector matching __printf_wp.o(.text).
Error: L6406E: No space in execution regions with .ANY selector matching stm32f1xx_hal_tim.o(i.HAL_TIM_ConfigClockSource).
Error: L6406E: No space in execution regions with .ANY selector matching bigflt0.o(.text).
Error: L6406E: No space in execution regions with .ANY selector matching main.o(i.main).
Error: L6406E: No space in execution regions with .ANY selector matching btod.o(CL$$btod_e2e).
Error: L6406E: No space in execution regions with .ANY selector matching stm32f1xx_hal_uart.o(i.UART_Receive_IT).
Error: L6406E: No space in execution regions with .ANY selector matching stm32f1xx_hal_uart.o(i.UART_SetConfig).
Error: L6406E: No space in execution regions with .ANY selector matching stm32f1xx_hal_uart.o(i.HAL_UART_Transmit).
Error: L6406E: No space in execution regions with .ANY selector matching stm32f1xx_hal_tim.o(i.TIM_Base_SetConfig).
Error: L6406E: No space in execution regions with .ANY selector matching bigflt0.o(.constdata).
Error: L6406E: No space in execution regions with .ANY selector matching fnaninf.o(x$fpl$fnaninf).
Error: L6406E: No space in execution regions with .ANY selector matching lludiv10.o(.text).
Error: L6406E: No space in execution regions with .ANY selector matching main.o(i.HAL_UART_RxCpltCallback).
Error: L6406E: No space in execution regions with .ANY selector matching usart.o(i.HAL_UART_MspInit).
Error: L6406E: No space in execution regions with .ANY selector matching _printf_fp_infnan.o(.text).
Error: L6406E: No space in execution regions with .ANY selector matching strcmpv7m.o(.text).
Error: L6406E: No space in execution regions with .ANY selector matching stm32f1xx_hal_tim_ex.o(i.HAL_TIMEx_MasterConfigSynchronization).
Error: L6406E: No space in execution regions with .ANY selector matching stm32f1xx_hal_uart.o(i.UART_WaitOnFlagUntilTimeout).
Error: L6406E: No space in execution regions with .ANY selector matching tim.o(i.MX_TIM1_Init).
Error: L6406E: No space in execution regions with .ANY selector matching stm32f1xx_hal_uart.o(i.HAL_UART_Init).
Error: L6406E: No space in execution regions with .ANY selector matching rt_memcpy_w.o(.text).
Error: L6406E: No space in execution regions with .ANY selector matching retnan.o(x$fpl$retnan).
Error: L6406E: No space in execution regions with .ANY selector matching gpio.o(i.MX_GPIO_Init).
Error: L6406E: No space in execution regions with .ANY selector matching btod.o(CL$$btod_d2e_norm_op1).
Error: L6406E: No space in execution regions with .ANY selector matching libspace.o(.bss).
Error: L6406E: No space in execution regions with .ANY selector matching main.o(i.SystemClock_Config).
Error: L6406E: No space in execution regions with .ANY selector matching stm32f1xx_hal_tim.o(i.HAL_TIM_Base_Init).
Error: L6406E: No space in execution regions with .ANY selector matching f2d.o(x$fpl$f2d).
Error: L6406E: No space in execution regions with .ANY selector matching stm32f1xx_hal_uart.o(i.UART_EndRxTransfer).
Error: L6406E: No space in execution regions with .ANY selector matching rt_memclr_w.o(.text).
Error: L6406E: No space in execution regions with .ANY selector matching ds18b20.o(i.DS18B20_ReadTemperature).
Error: L6406E: No space in execution regions with .ANY selector matching ds18b20.o(i.DS18B20_WriteBit).
Error: L6406E: No space in execution regions with .ANY selector matching stm32f1xx_hal_rcc.o(i.HAL_RCC_GetSysClockFreq).
Error: L6406E: No space in execution regions with .ANY selector matching scalbnf.o(x$fpl$scalbnf).
Error: L6406E: No space in execution regions with .ANY selector matching sys_stackheap_outer.o(.text).
Error: L6406E: No space in execution regions with .ANY selector matching tim.o(.bss).
Error: L6406E: No space in execution regions with .ANY selector matching usart.o(.bss).
Error: L6406E: No space in execution regions with .ANY selector matching stm32f1xx_hal_dma.o(i.HAL_DMA_Abort).
Error: L6406E: No space in execution regions with .ANY selector matching btod.o(CL$$btod_d2e_denorm_low).
Error: L6406E: No space in execution regions with .ANY selector matching ds18b20.o(i.DS18B20_Reset).
Error: L6406E: No space in execution regions with .ANY selector matching stm32f1xx_hal.o(i.HAL_InitTick).
Error: L6406E: No space in execution regions with .ANY selector matching stm32f1xx_hal_cortex.o(i.HAL_NVIC_SetPriority).
Error: L6406E: No space in execution regions with .ANY selector matching startup_stm32f103xe.o(.text).
Error: L6406E: No space in execution regions with .ANY selector matching strlen.o(.text).
Error: L6406E: No space in execution regions with .ANY selector matching btod.o(CL$$btod_d2e).
Error: L6406E: No space in execution regions with .ANY selector matching ds18b20.o(i.DS18B20_ReadBit).
Error: L6406E: No space in execution regions with .ANY selector matching stm32f1xx_hal_msp.o(i.HAL_MspInit).
Error: L6406E: No space in execution regions with .ANY selector matching tim.o(i.Delay_us).
Error: L6406E: No space in execution regions with .ANY selector matching usart.o(i.MX_USART1_UART_Init).
Error: L6406E: No space in execution regions with .ANY selector matching stm32f1xx_hal_uart.o(i.UART_Start_Receive_IT).
Error: L6406E: No space in execution regions with .ANY selector matching fflt_clz.o(x$fpl$fflt).
Error: L6406E: No space in execution regions with .ANY selector matching _printf_char_common.o(.text).
Error: L6406E: No space in execution regions with .ANY selector matching trapv.o(x$fpl$trapveneer).
Error: L6406E: No space in execution regions with .ANY selector matching ds18b20.o(i.DS18B20_Init).
Error: L6406E: No space in execution regions with .ANY selector matching lc_numeric_c.o(locale$$code).
Error: L6406E: No space in execution regions with .ANY selector matching tim.o(i.HAL_TIM_Base_MspInit).
Error: L6406E: No space in execution regions with .ANY selector matching stm32f1xx_hal_cortex.o(i.HAL_SYSTICK_Config).
Error: L6406E: No space in execution regions with .ANY selector matching noretval__2sprintf.o(.text).
Error: L6406E: No space in execution regions with .ANY selector matching btod.o(CL$$btod_emul).
Error: L6406E: No space in execution regions with .ANY selector matching btod.o(CL$$btod_ediv).
Error: L6406E: No space in execution regions with .ANY selector matching fpclassify.o(i.__ARM_fpclassify).
Error: L6406E: No space in execution regions with .ANY selector matching stm32f1xx_hal.o(i.HAL_Delay).
Error: L6406E: No space in execution regions with .ANY selector matching stm32f1xx_hal.o(i.HAL_Init).
Error: L6406E: No space in execution regions with .ANY selector matching stm32f1xx_hal_cortex.o(i.HAL_NVIC_SetPriorityGrouping).
Error: L6406E: No space in execution regions with .ANY selector matching stm32f1xx_hal_tim.o(i.TIM_TI2_ConfigInputStage).
Error: L6406E: No space in execution regions with .ANY selector matching stm32f1xx_hal_tim.o(i.TIM_TI1_ConfigInputStage).
Error: L6406E: No space in execution regions with .ANY selector matching stm32f1xx_hal_cortex.o(i.__NVIC_SetPriority).
Error: L6406E: No space in execution regions with .ANY selector matching stm32f1xx_hal_rcc.o(i.HAL_RCC_GetPCLK1Freq).
Error: L6406E: No space in execution regions with .ANY selector matching stm32f1xx_hal_rcc.o(i.HAL_RCC_GetPCLK2Freq).
Error: L6406E: No space in execution regions with .ANY selector matching ds18b20.o(i.DS18B20_ReadByte).
Error: L6406E: No space in execution regions with .ANY selector matching ds18b20.o(i.DS18B20_WriteByte).
Error: L6406E: No space in execution regions with .ANY selector matching stm32f1xx_hal_uart.o(i.HAL_UART_Receive_IT).
Error: L6406E: No space in execution regions with .ANY selector matching lc_numeric_c.o(locale$$data).
Error: L6406E: No space in execution regions with .ANY selector matching stm32f1xx_hal_cortex.o(i.HAL_NVIC_EnableIRQ).
Error: L6406E: No space in execution regions with .ANY selector matching stm32f1xx_hal_tim.o(i.TIM_ETR_SetConfig).
Error: L6406E: No space in execution regions with .ANY selector matching stm32f1xx_hal_rcc.o(.constdata).
Error: L6406E: No space in execution regions with .ANY selector matching system_stm32f1xx.o(.constdata).
Error: L6406E: No space in execution regions with .ANY selector matching stm32f1xx_hal.o(i.HAL_IncTick).
Error: L6406E: No space in execution regions with .ANY selector matching stm32f1xx_hal_tim.o(i.TIM_ITRx_SetConfig).
Error: L6406E: No space in execution regions with .ANY selector matching stm32f1xx_hal_uart.o(i.UART_DMAAbortOnError).
Error: L6406E: No space in execution regions with .ANY selector matching __printf_wp.o(i._is_digit).
Error: L6406E: No space in execution regions with .ANY selector matching stm32f1xx_it.o(i.USART1_IRQHandler).
Error: L6406E: No space in execution regions with .ANY selector matching stm32f1xx_hal.o(i.HAL_GetTick).
Error: L6406E: No space in execution regions with .ANY selector matching stm32f1xx_hal.o(.data).
Error: L6406E: No space in execution regions with .ANY selector matching dretinf.o(x$fpl$dretinf).
Error: L6406E: No space in execution regions with .ANY selector matching fcheck1.o(x$fpl$fcheck1).
Error: L6406E: No space in execution regions with .ANY selector matching exit.o(.text).
Error: L6406E: No space in execution regions with .ANY selector matching sys_exit.o(.text).
Error: L6406E: No space in execution regions with .ANY selector matching stm32f1xx_hal_gpio.o(i.HAL_GPIO_ReadPin).
Error: L6406E: No space in execution regions with .ANY selector matching stm32f1xx_hal_gpio.o(i.HAL_GPIO_WritePin).
Error: L6406E: No space in execution regions with .ANY selector matching _sputc.o(.text).
Error: L6406E: No space in execution regions with .ANY selector matching libinit2.o(.ARM.Collect$$libinit$$00000016).
Error: L6406E: No space in execution regions with .ANY selector matching system_stm32f1xx.o(.constdata).
Error: L6406E: No space in execution regions with .ANY selector matching __rtentry2.o(.ARM.Collect$$rtentry$$0000000D).
Error: L6406E: No space in execution regions with .ANY selector matching rt_locale_intlibspace.o(.text).
Error: L6406E: No space in execution regions with .ANY selector matching libspace.o(.text).
Error: L6406E: No space in execution regions with .ANY selector matching _printf_f.o(.ARM.Collect$$_printf_percent$$00000003).
Error: L6406E: No space in execution regions with .ANY selector matching heapauxi.o(.text).
Error: L6406E: No space in execution regions with .ANY selector matching rtexit2.o(.ARM.Collect$$rtexit$$00000004).
Error: L6406E: No space in execution regions with .ANY selector matching main.o(i.Error_Handler).
Error: L6406E: No space in execution regions with .ANY selector matching stm32f1xx_it.o(i.SysTick_Handler).
Error: L6406E: No space in execution regions with .ANY selector matching system_stm32f1xx.o(.data).
Error: L6406E: No space in execution regions with .ANY selector matching printf1.o(x$fpl$printf1).
Error: L6406E: No space in execution regions with .ANY selector matching main.o(.data).
Error: L6406E: No space in execution regions with .ANY selector matching stm32f1xx_it.o(i.BusFault_Handler).
Error: L6406E: No space in execution regions with .ANY selector matching stm32f1xx_it.o(i.DebugMon_Handler).
Error: L6406E: No space in execution regions with .ANY selector matching stm32f1xx_it.o(i.HardFault_Handler).
Error: L6406E: No space in execution regions with .ANY selector matching stm32f1xx_it.o(i.MemManage_Handler).
Error: L6406E: No space in execution regions with .ANY selector matching stm32f1xx_it.o(i.NMI_Handler).
Error: L6406E: No space in execution regions with .ANY selector matching stm32f1xx_it.o(i.PendSV_Handler).
Error: L6406E: No space in execution regions with .ANY selector matching stm32f1xx_it.o(i.SVC_Handler).
Error: L6406E: No space in execution regions with .ANY selector matching stm32f1xx_it.o(i.UsageFault_Handler).
Error: L6406E: No space in execution regions with .ANY selector matching system_stm32f1xx.o(i.SystemInit).
Error: L6406E: No space in execution regions with .ANY selector matching stm32f1xx_hal_uart.o(i.HAL_UARTEx_RxEventCallback).
Error: L6406E: No space in execution regions with .ANY selector matching stm32f1xx_hal_uart.o(i.HAL_UART_ErrorCallback).
Error: L6406E: No space in execution regions with .ANY selector matching stm32f1xx_hal_uart.o(i.HAL_UART_TxCpltCallback).
Error: L6406E: No space in execution regions with .ANY selector matching libshutdown.o(.ARM.Collect$$libshutdown$$00000000).
Error: L6406E: No space in execution regions with .ANY selector matching use_no_semi.o(.text).
Error: L6406E: No space in execution regions with .ANY selector matching usenofp.o(x$fpl$usenofp).
Error: L6406E: No space in execution regions with .ANY selector matching indicate_semi.o(.text).
Error: L6407E: Sections of aggregate size 0x33f0 bytes could not fit into .ANY selector(s).
Not enough information to list image symbols.
Not enough information to list the image map.
Finished: 2 information, 0 warning and 131 error messages.


[2025-06-01 14:58:20]	[info] incremental build: 1 source files changed
These source files will be recompiled
---
'f:\STM32cubeMX\Projects\TempMeas\Core\Src\main.c': source file has been changed.

[2025-06-01 14:58:20]	link failed !, exit code: 1
   at unify_builder.Program.Main(String[] args_)
---
Error: L6406E: No space in execution regions with .ANY selector matching _printf_fp_dec.o(.text).
Error: L6406E: No space in execution regions with .ANY selector matching startup_stm32f103xe.o(STACK).
Error: L6406E: No space in execution regions with .ANY selector matching btod.o(CL$$btod_div_common).
Error: L6406E: No space in execution regions with .ANY selector matching stm32f1xx_hal_rcc.o(i.HAL_RCC_OscConfig).
Error: L6406E: No space in execution regions with .ANY selector matching stm32f1xx_hal_uart.o(i.HAL_UART_IRQHandler).
Error: L6406E: No space in execution regions with .ANY selector matching btod.o(CL$$btod_mult_common).
Error: L6406E: No space in execution regions with .ANY selector matching startup_stm32f103xe.o(HEAP).
Error: L6406E: No space in execution regions with .ANY selector matching stm32f1xx_hal_gpio.o(i.HAL_GPIO_Init).
Error: L6406E: No space in execution regions with .ANY selector matching stm32f1xx_hal_dma.o(i.HAL_DMA_Abort_IT).
Error: L6406E: No space in execution regions with .ANY selector matching stm32f1xx_hal_rcc.o(i.HAL_RCC_ClockConfig).
Error: L6406E: No space in execution regions with .ANY selector matching __printf_wp.o(.text).
Error: L6406E: No space in execution regions with .ANY selector matching stm32f1xx_hal_tim.o(i.HAL_TIM_ConfigClockSource).
Error: L6406E: No space in execution regions with .ANY selector matching bigflt0.o(.text).
Error: L6406E: No space in execution regions with .ANY selector matching main.o(i.main).
Error: L6406E: No space in execution regions with .ANY selector matching btod.o(CL$$btod_e2e).
Error: L6406E: No space in execution regions with .ANY selector matching stm32f1xx_hal_uart.o(i.UART_Receive_IT).
Error: L6406E: No space in execution regions with .ANY selector matching stm32f1xx_hal_uart.o(i.UART_SetConfig).
Error: L6406E: No space in execution regions with .ANY selector matching stm32f1xx_hal_uart.o(i.HAL_UART_Transmit).
Error: L6406E: No space in execution regions with .ANY selector matching stm32f1xx_hal_tim.o(i.TIM_Base_SetConfig).
Error: L6406E: No space in execution regions with .ANY selector matching bigflt0.o(.constdata).
Error: L6406E: No space in execution regions with .ANY selector matching fnaninf.o(x$fpl$fnaninf).
Error: L6406E: No space in execution regions with .ANY selector matching lludiv10.o(.text).
Error: L6406E: No space in execution regions with .ANY selector matching main.o(i.HAL_UART_RxCpltCallback).
Error: L6406E: No space in execution regions with .ANY selector matching usart.o(i.HAL_UART_MspInit).
Error: L6406E: No space in execution regions with .ANY selector matching _printf_fp_infnan.o(.text).
Error: L6406E: No space in execution regions with .ANY selector matching strcmpv7m.o(.text).
Error: L6406E: No space in execution regions with .ANY selector matching stm32f1xx_hal_tim_ex.o(i.HAL_TIMEx_MasterConfigSynchronization).
Error: L6406E: No space in execution regions with .ANY selector matching stm32f1xx_hal_uart.o(i.UART_WaitOnFlagUntilTimeout).
Error: L6406E: No space in execution regions with .ANY selector matching tim.o(i.MX_TIM1_Init).
Error: L6406E: No space in execution regions with .ANY selector matching stm32f1xx_hal_uart.o(i.HAL_UART_Init).
Error: L6406E: No space in execution regions with .ANY selector matching rt_memcpy_w.o(.text).
Error: L6406E: No space in execution regions with .ANY selector matching retnan.o(x$fpl$retnan).
Error: L6406E: No space in execution regions with .ANY selector matching gpio.o(i.MX_GPIO_Init).
Error: L6406E: No space in execution regions with .ANY selector matching btod.o(CL$$btod_d2e_norm_op1).
Error: L6406E: No space in execution regions with .ANY selector matching libspace.o(.bss).
Error: L6406E: No space in execution regions with .ANY selector matching main.o(i.SystemClock_Config).
Error: L6406E: No space in execution regions with .ANY selector matching stm32f1xx_hal_tim.o(i.HAL_TIM_Base_Init).
Error: L6406E: No space in execution regions with .ANY selector matching f2d.o(x$fpl$f2d).
Error: L6406E: No space in execution regions with .ANY selector matching stm32f1xx_hal_uart.o(i.UART_EndRxTransfer).
Error: L6406E: No space in execution regions with .ANY selector matching rt_memclr_w.o(.text).
Error: L6406E: No space in execution regions with .ANY selector matching ds18b20.o(i.DS18B20_ReadTemperature).
Error: L6406E: No space in execution regions with .ANY selector matching ds18b20.o(i.DS18B20_WriteBit).
Error: L6406E: No space in execution regions with .ANY selector matching stm32f1xx_hal_rcc.o(i.HAL_RCC_GetSysClockFreq).
Error: L6406E: No space in execution regions with .ANY selector matching scalbnf.o(x$fpl$scalbnf).
Error: L6406E: No space in execution regions with .ANY selector matching sys_stackheap_outer.o(.text).
Error: L6406E: No space in execution regions with .ANY selector matching tim.o(.bss).
Error: L6406E: No space in execution regions with .ANY selector matching usart.o(.bss).
Error: L6406E: No space in execution regions with .ANY selector matching stm32f1xx_hal_dma.o(i.HAL_DMA_Abort).
Error: L6406E: No space in execution regions with .ANY selector matching btod.o(CL$$btod_d2e_denorm_low).
Error: L6406E: No space in execution regions with .ANY selector matching ds18b20.o(i.DS18B20_Reset).
Error: L6406E: No space in execution regions with .ANY selector matching stm32f1xx_hal.o(i.HAL_InitTick).
Error: L6406E: No space in execution regions with .ANY selector matching stm32f1xx_hal_cortex.o(i.HAL_NVIC_SetPriority).
Error: L6406E: No space in execution regions with .ANY selector matching startup_stm32f103xe.o(.text).
Error: L6406E: No space in execution regions with .ANY selector matching strlen.o(.text).
Error: L6406E: No space in execution regions with .ANY selector matching btod.o(CL$$btod_d2e).
Error: L6406E: No space in execution regions with .ANY selector matching ds18b20.o(i.DS18B20_ReadBit).
Error: L6406E: No space in execution regions with .ANY selector matching stm32f1xx_hal_msp.o(i.HAL_MspInit).
Error: L6406E: No space in execution regions with .ANY selector matching tim.o(i.Delay_us).
Error: L6406E: No space in execution regions with .ANY selector matching usart.o(i.MX_USART1_UART_Init).
Error: L6406E: No space in execution regions with .ANY selector matching stm32f1xx_hal_uart.o(i.UART_Start_Receive_IT).
Error: L6406E: No space in execution regions with .ANY selector matching fflt_clz.o(x$fpl$fflt).
Error: L6406E: No space in execution regions with .ANY selector matching _printf_char_common.o(.text).
Error: L6406E: No space in execution regions with .ANY selector matching trapv.o(x$fpl$trapveneer).
Error: L6406E: No space in execution regions with .ANY selector matching ds18b20.o(i.DS18B20_Init).
Error: L6406E: No space in execution regions with .ANY selector matching lc_numeric_c.o(locale$$code).
Error: L6406E: No space in execution regions with .ANY selector matching tim.o(i.HAL_TIM_Base_MspInit).
Error: L6406E: No space in execution regions with .ANY selector matching stm32f1xx_hal_cortex.o(i.HAL_SYSTICK_Config).
Error: L6406E: No space in execution regions with .ANY selector matching noretval__2sprintf.o(.text).
Error: L6406E: No space in execution regions with .ANY selector matching btod.o(CL$$btod_emul).
Error: L6406E: No space in execution regions with .ANY selector matching btod.o(CL$$btod_ediv).
Error: L6406E: No space in execution regions with .ANY selector matching fpclassify.o(i.__ARM_fpclassify).
Error: L6406E: No space in execution regions with .ANY selector matching stm32f1xx_hal.o(i.HAL_Delay).
Error: L6406E: No space in execution regions with .ANY selector matching stm32f1xx_hal.o(i.HAL_Init).
Error: L6406E: No space in execution regions with .ANY selector matching stm32f1xx_hal_cortex.o(i.HAL_NVIC_SetPriorityGrouping).
Error: L6406E: No space in execution regions with .ANY selector matching stm32f1xx_hal_tim.o(i.TIM_TI2_ConfigInputStage).
Error: L6406E: No space in execution regions with .ANY selector matching stm32f1xx_hal_tim.o(i.TIM_TI1_ConfigInputStage).
Error: L6406E: No space in execution regions with .ANY selector matching stm32f1xx_hal_cortex.o(i.__NVIC_SetPriority).
Error: L6406E: No space in execution regions with .ANY selector matching stm32f1xx_hal_rcc.o(i.HAL_RCC_GetPCLK1Freq).
Error: L6406E: No space in execution regions with .ANY selector matching stm32f1xx_hal_rcc.o(i.HAL_RCC_GetPCLK2Freq).
Error: L6406E: No space in execution regions with .ANY selector matching ds18b20.o(i.DS18B20_ReadByte).
Error: L6406E: No space in execution regions with .ANY selector matching ds18b20.o(i.DS18B20_WriteByte).
Error: L6406E: No space in execution regions with .ANY selector matching stm32f1xx_hal_uart.o(i.HAL_UART_Receive_IT).
Error: L6406E: No space in execution regions with .ANY selector matching lc_numeric_c.o(locale$$data).
Error: L6406E: No space in execution regions with .ANY selector matching stm32f1xx_hal_cortex.o(i.HAL_NVIC_EnableIRQ).
Error: L6406E: No space in execution regions with .ANY selector matching stm32f1xx_hal_tim.o(i.TIM_ETR_SetConfig).
Error: L6406E: No space in execution regions with .ANY selector matching stm32f1xx_hal_rcc.o(.constdata).
Error: L6406E: No space in execution regions with .ANY selector matching system_stm32f1xx.o(.constdata).
Error: L6406E: No space in execution regions with .ANY selector matching stm32f1xx_hal.o(i.HAL_IncTick).
Error: L6406E: No space in execution regions with .ANY selector matching stm32f1xx_hal_tim.o(i.TIM_ITRx_SetConfig).
Error: L6406E: No space in execution regions with .ANY selector matching stm32f1xx_hal_uart.o(i.UART_DMAAbortOnError).
Error: L6406E: No space in execution regions with .ANY selector matching __printf_wp.o(i._is_digit).
Error: L6406E: No space in execution regions with .ANY selector matching stm32f1xx_it.o(i.USART1_IRQHandler).
Error: L6406E: No space in execution regions with .ANY selector matching stm32f1xx_hal.o(i.HAL_GetTick).
Error: L6406E: No space in execution regions with .ANY selector matching stm32f1xx_hal.o(.data).
Error: L6406E: No space in execution regions with .ANY selector matching dretinf.o(x$fpl$dretinf).
Error: L6406E: No space in execution regions with .ANY selector matching fcheck1.o(x$fpl$fcheck1).
Error: L6406E: No space in execution regions with .ANY selector matching exit.o(.text).
Error: L6406E: No space in execution regions with .ANY selector matching sys_exit.o(.text).
Error: L6406E: No space in execution regions with .ANY selector matching stm32f1xx_hal_gpio.o(i.HAL_GPIO_ReadPin).
Error: L6406E: No space in execution regions with .ANY selector matching stm32f1xx_hal_gpio.o(i.HAL_GPIO_WritePin).
Error: L6406E: No space in execution regions with .ANY selector matching _sputc.o(.text).
Error: L6406E: No space in execution regions with .ANY selector matching libinit2.o(.ARM.Collect$$libinit$$00000016).
Error: L6406E: No space in execution regions with .ANY selector matching system_stm32f1xx.o(.constdata).
Error: L6406E: No space in execution regions with .ANY selector matching __rtentry2.o(.ARM.Collect$$rtentry$$0000000D).
Error: L6406E: No space in execution regions with .ANY selector matching rt_locale_intlibspace.o(.text).
Error: L6406E: No space in execution regions with .ANY selector matching libspace.o(.text).
Error: L6406E: No space in execution regions with .ANY selector matching _printf_f.o(.ARM.Collect$$_printf_percent$$00000003).
Error: L6406E: No space in execution regions with .ANY selector matching heapauxi.o(.text).
Error: L6406E: No space in execution regions with .ANY selector matching rtexit2.o(.ARM.Collect$$rtexit$$00000004).
Error: L6406E: No space in execution regions with .ANY selector matching main.o(i.Error_Handler).
Error: L6406E: No space in execution regions with .ANY selector matching stm32f1xx_it.o(i.SysTick_Handler).
Error: L6406E: No space in execution regions with .ANY selector matching system_stm32f1xx.o(.data).
Error: L6406E: No space in execution regions with .ANY selector matching printf1.o(x$fpl$printf1).
Error: L6406E: No space in execution regions with .ANY selector matching main.o(.data).
Error: L6406E: No space in execution regions with .ANY selector matching stm32f1xx_it.o(i.BusFault_Handler).
Error: L6406E: No space in execution regions with .ANY selector matching stm32f1xx_it.o(i.DebugMon_Handler).
Error: L6406E: No space in execution regions with .ANY selector matching stm32f1xx_it.o(i.HardFault_Handler).
Error: L6406E: No space in execution regions with .ANY selector matching stm32f1xx_it.o(i.MemManage_Handler).
Error: L6406E: No space in execution regions with .ANY selector matching stm32f1xx_it.o(i.NMI_Handler).
Error: L6406E: No space in execution regions with .ANY selector matching stm32f1xx_it.o(i.PendSV_Handler).
Error: L6406E: No space in execution regions with .ANY selector matching stm32f1xx_it.o(i.SVC_Handler).
Error: L6406E: No space in execution regions with .ANY selector matching stm32f1xx_it.o(i.UsageFault_Handler).
Error: L6406E: No space in execution regions with .ANY selector matching system_stm32f1xx.o(i.SystemInit).
Error: L6406E: No space in execution regions with .ANY selector matching stm32f1xx_hal_uart.o(i.HAL_UARTEx_RxEventCallback).
Error: L6406E: No space in execution regions with .ANY selector matching stm32f1xx_hal_uart.o(i.HAL_UART_ErrorCallback).
Error: L6406E: No space in execution regions with .ANY selector matching stm32f1xx_hal_uart.o(i.HAL_UART_TxCpltCallback).
Error: L6406E: No space in execution regions with .ANY selector matching libshutdown.o(.ARM.Collect$$libshutdown$$00000000).
Error: L6406E: No space in execution regions with .ANY selector matching use_no_semi.o(.text).
Error: L6406E: No space in execution regions with .ANY selector matching usenofp.o(x$fpl$usenofp).
Error: L6406E: No space in execution regions with .ANY selector matching indicate_semi.o(.text).
Error: L6407E: Sections of aggregate size 0x33f0 bytes could not fit into .ANY selector(s).
Not enough information to list image symbols.
Not enough information to list the image map.
Finished: 2 information, 0 warning and 131 error messages.


[2025-06-01 14:58:33]	[info] incremental build: 1 source files changed
These source files will be recompiled
---
'f:\STM32cubeMX\Projects\TempMeas\Core\Src\main.c': source file has been changed.

[2025-06-01 14:58:33]	link failed !, exit code: 1
   at unify_builder.Program.Main(String[] args_)
---
Error: L6406E: No space in execution regions with .ANY selector matching _printf_fp_dec.o(.text).
Error: L6406E: No space in execution regions with .ANY selector matching startup_stm32f103xe.o(STACK).
Error: L6406E: No space in execution regions with .ANY selector matching btod.o(CL$$btod_div_common).
Error: L6406E: No space in execution regions with .ANY selector matching stm32f1xx_hal_rcc.o(i.HAL_RCC_OscConfig).
Error: L6406E: No space in execution regions with .ANY selector matching stm32f1xx_hal_uart.o(i.HAL_UART_IRQHandler).
Error: L6406E: No space in execution regions with .ANY selector matching btod.o(CL$$btod_mult_common).
Error: L6406E: No space in execution regions with .ANY selector matching startup_stm32f103xe.o(HEAP).
Error: L6406E: No space in execution regions with .ANY selector matching stm32f1xx_hal_gpio.o(i.HAL_GPIO_Init).
Error: L6406E: No space in execution regions with .ANY selector matching stm32f1xx_hal_dma.o(i.HAL_DMA_Abort_IT).
Error: L6406E: No space in execution regions with .ANY selector matching stm32f1xx_hal_rcc.o(i.HAL_RCC_ClockConfig).
Error: L6406E: No space in execution regions with .ANY selector matching __printf_wp.o(.text).
Error: L6406E: No space in execution regions with .ANY selector matching stm32f1xx_hal_tim.o(i.HAL_TIM_ConfigClockSource).
Error: L6406E: No space in execution regions with .ANY selector matching bigflt0.o(.text).
Error: L6406E: No space in execution regions with .ANY selector matching main.o(i.main).
Error: L6406E: No space in execution regions with .ANY selector matching btod.o(CL$$btod_e2e).
Error: L6406E: No space in execution regions with .ANY selector matching stm32f1xx_hal_uart.o(i.UART_Receive_IT).
Error: L6406E: No space in execution regions with .ANY selector matching stm32f1xx_hal_uart.o(i.UART_SetConfig).
Error: L6406E: No space in execution regions with .ANY selector matching stm32f1xx_hal_uart.o(i.HAL_UART_Transmit).
Error: L6406E: No space in execution regions with .ANY selector matching stm32f1xx_hal_tim.o(i.TIM_Base_SetConfig).
Error: L6406E: No space in execution regions with .ANY selector matching bigflt0.o(.constdata).
Error: L6406E: No space in execution regions with .ANY selector matching fnaninf.o(x$fpl$fnaninf).
Error: L6406E: No space in execution regions with .ANY selector matching lludiv10.o(.text).
Error: L6406E: No space in execution regions with .ANY selector matching main.o(i.HAL_UART_RxCpltCallback).
Error: L6406E: No space in execution regions with .ANY selector matching usart.o(i.HAL_UART_MspInit).
Error: L6406E: No space in execution regions with .ANY selector matching _printf_fp_infnan.o(.text).
Error: L6406E: No space in execution regions with .ANY selector matching strcmpv7m.o(.text).
Error: L6406E: No space in execution regions with .ANY selector matching stm32f1xx_hal_tim_ex.o(i.HAL_TIMEx_MasterConfigSynchronization).
Error: L6406E: No space in execution regions with .ANY selector matching stm32f1xx_hal_uart.o(i.UART_WaitOnFlagUntilTimeout).
Error: L6406E: No space in execution regions with .ANY selector matching tim.o(i.MX_TIM1_Init).
Error: L6406E: No space in execution regions with .ANY selector matching stm32f1xx_hal_uart.o(i.HAL_UART_Init).
Error: L6406E: No space in execution regions with .ANY selector matching rt_memcpy_w.o(.text).
Error: L6406E: No space in execution regions with .ANY selector matching retnan.o(x$fpl$retnan).
Error: L6406E: No space in execution regions with .ANY selector matching gpio.o(i.MX_GPIO_Init).
Error: L6406E: No space in execution regions with .ANY selector matching btod.o(CL$$btod_d2e_norm_op1).
Error: L6406E: No space in execution regions with .ANY selector matching libspace.o(.bss).
Error: L6406E: No space in execution regions with .ANY selector matching main.o(i.SystemClock_Config).
Error: L6406E: No space in execution regions with .ANY selector matching stm32f1xx_hal_tim.o(i.HAL_TIM_Base_Init).
Error: L6406E: No space in execution regions with .ANY selector matching f2d.o(x$fpl$f2d).
Error: L6406E: No space in execution regions with .ANY selector matching stm32f1xx_hal_uart.o(i.UART_EndRxTransfer).
Error: L6406E: No space in execution regions with .ANY selector matching rt_memclr_w.o(.text).
Error: L6406E: No space in execution regions with .ANY selector matching ds18b20.o(i.DS18B20_ReadTemperature).
Error: L6406E: No space in execution regions with .ANY selector matching ds18b20.o(i.DS18B20_WriteBit).
Error: L6406E: No space in execution regions with .ANY selector matching stm32f1xx_hal_rcc.o(i.HAL_RCC_GetSysClockFreq).
Error: L6406E: No space in execution regions with .ANY selector matching scalbnf.o(x$fpl$scalbnf).
Error: L6406E: No space in execution regions with .ANY selector matching sys_stackheap_outer.o(.text).
Error: L6406E: No space in execution regions with .ANY selector matching tim.o(.bss).
Error: L6406E: No space in execution regions with .ANY selector matching usart.o(.bss).
Error: L6406E: No space in execution regions with .ANY selector matching stm32f1xx_hal_dma.o(i.HAL_DMA_Abort).
Error: L6406E: No space in execution regions with .ANY selector matching btod.o(CL$$btod_d2e_denorm_low).
Error: L6406E: No space in execution regions with .ANY selector matching ds18b20.o(i.DS18B20_Reset).
Error: L6406E: No space in execution regions with .ANY selector matching stm32f1xx_hal.o(i.HAL_InitTick).
Error: L6406E: No space in execution regions with .ANY selector matching stm32f1xx_hal_cortex.o(i.HAL_NVIC_SetPriority).
Error: L6406E: No space in execution regions with .ANY selector matching startup_stm32f103xe.o(.text).
Error: L6406E: No space in execution regions with .ANY selector matching strlen.o(.text).
Error: L6406E: No space in execution regions with .ANY selector matching btod.o(CL$$btod_d2e).
Error: L6406E: No space in execution regions with .ANY selector matching ds18b20.o(i.DS18B20_ReadBit).
Error: L6406E: No space in execution regions with .ANY selector matching stm32f1xx_hal_msp.o(i.HAL_MspInit).
Error: L6406E: No space in execution regions with .ANY selector matching tim.o(i.Delay_us).
Error: L6406E: No space in execution regions with .ANY selector matching usart.o(i.MX_USART1_UART_Init).
Error: L6406E: No space in execution regions with .ANY selector matching stm32f1xx_hal_uart.o(i.UART_Start_Receive_IT).
Error: L6406E: No space in execution regions with .ANY selector matching fflt_clz.o(x$fpl$fflt).
Error: L6406E: No space in execution regions with .ANY selector matching _printf_char_common.o(.text).
Error: L6406E: No space in execution regions with .ANY selector matching trapv.o(x$fpl$trapveneer).
Error: L6406E: No space in execution regions with .ANY selector matching ds18b20.o(i.DS18B20_Init).
Error: L6406E: No space in execution regions with .ANY selector matching lc_numeric_c.o(locale$$code).
Error: L6406E: No space in execution regions with .ANY selector matching tim.o(i.HAL_TIM_Base_MspInit).
Error: L6406E: No space in execution regions with .ANY selector matching stm32f1xx_hal_cortex.o(i.HAL_SYSTICK_Config).
Error: L6406E: No space in execution regions with .ANY selector matching noretval__2sprintf.o(.text).
Error: L6406E: No space in execution regions with .ANY selector matching btod.o(CL$$btod_emul).
Error: L6406E: No space in execution regions with .ANY selector matching btod.o(CL$$btod_ediv).
Error: L6406E: No space in execution regions with .ANY selector matching fpclassify.o(i.__ARM_fpclassify).
Error: L6406E: No space in execution regions with .ANY selector matching stm32f1xx_hal.o(i.HAL_Delay).
Error: L6406E: No space in execution regions with .ANY selector matching stm32f1xx_hal.o(i.HAL_Init).
Error: L6406E: No space in execution regions with .ANY selector matching stm32f1xx_hal_cortex.o(i.HAL_NVIC_SetPriorityGrouping).
Error: L6406E: No space in execution regions with .ANY selector matching stm32f1xx_hal_tim.o(i.TIM_TI2_ConfigInputStage).
Error: L6406E: No space in execution regions with .ANY selector matching stm32f1xx_hal_tim.o(i.TIM_TI1_ConfigInputStage).
Error: L6406E: No space in execution regions with .ANY selector matching stm32f1xx_hal_cortex.o(i.__NVIC_SetPriority).
Error: L6406E: No space in execution regions with .ANY selector matching stm32f1xx_hal_rcc.o(i.HAL_RCC_GetPCLK1Freq).
Error: L6406E: No space in execution regions with .ANY selector matching stm32f1xx_hal_rcc.o(i.HAL_RCC_GetPCLK2Freq).
Error: L6406E: No space in execution regions with .ANY selector matching ds18b20.o(i.DS18B20_ReadByte).
Error: L6406E: No space in execution regions with .ANY selector matching ds18b20.o(i.DS18B20_WriteByte).
Error: L6406E: No space in execution regions with .ANY selector matching stm32f1xx_hal_uart.o(i.HAL_UART_Receive_IT).
Error: L6406E: No space in execution regions with .ANY selector matching lc_numeric_c.o(locale$$data).
Error: L6406E: No space in execution regions with .ANY selector matching stm32f1xx_hal_cortex.o(i.HAL_NVIC_EnableIRQ).
Error: L6406E: No space in execution regions with .ANY selector matching stm32f1xx_hal_tim.o(i.TIM_ETR_SetConfig).
Error: L6406E: No space in execution regions with .ANY selector matching stm32f1xx_hal_rcc.o(.constdata).
Error: L6406E: No space in execution regions with .ANY selector matching system_stm32f1xx.o(.constdata).
Error: L6406E: No space in execution regions with .ANY selector matching stm32f1xx_hal.o(i.HAL_IncTick).
Error: L6406E: No space in execution regions with .ANY selector matching stm32f1xx_hal_tim.o(i.TIM_ITRx_SetConfig).
Error: L6406E: No space in execution regions with .ANY selector matching stm32f1xx_hal_uart.o(i.UART_DMAAbortOnError).
Error: L6406E: No space in execution regions with .ANY selector matching __printf_wp.o(i._is_digit).
Error: L6406E: No space in execution regions with .ANY selector matching stm32f1xx_it.o(i.USART1_IRQHandler).
Error: L6406E: No space in execution regions with .ANY selector matching stm32f1xx_hal.o(i.HAL_GetTick).
Error: L6406E: No space in execution regions with .ANY selector matching stm32f1xx_hal.o(.data).
Error: L6406E: No space in execution regions with .ANY selector matching dretinf.o(x$fpl$dretinf).
Error: L6406E: No space in execution regions with .ANY selector matching fcheck1.o(x$fpl$fcheck1).
Error: L6406E: No space in execution regions with .ANY selector matching exit.o(.text).
Error: L6406E: No space in execution regions with .ANY selector matching sys_exit.o(.text).
Error: L6406E: No space in execution regions with .ANY selector matching stm32f1xx_hal_gpio.o(i.HAL_GPIO_ReadPin).
Error: L6406E: No space in execution regions with .ANY selector matching stm32f1xx_hal_gpio.o(i.HAL_GPIO_WritePin).
Error: L6406E: No space in execution regions with .ANY selector matching _sputc.o(.text).
Error: L6406E: No space in execution regions with .ANY selector matching libinit2.o(.ARM.Collect$$libinit$$00000016).
Error: L6406E: No space in execution regions with .ANY selector matching system_stm32f1xx.o(.constdata).
Error: L6406E: No space in execution regions with .ANY selector matching __rtentry2.o(.ARM.Collect$$rtentry$$0000000D).
Error: L6406E: No space in execution regions with .ANY selector matching rt_locale_intlibspace.o(.text).
Error: L6406E: No space in execution regions with .ANY selector matching libspace.o(.text).
Error: L6406E: No space in execution regions with .ANY selector matching _printf_f.o(.ARM.Collect$$_printf_percent$$00000003).
Error: L6406E: No space in execution regions with .ANY selector matching heapauxi.o(.text).
Error: L6406E: No space in execution regions with .ANY selector matching rtexit2.o(.ARM.Collect$$rtexit$$00000004).
Error: L6406E: No space in execution regions with .ANY selector matching main.o(i.Error_Handler).
Error: L6406E: No space in execution regions with .ANY selector matching stm32f1xx_it.o(i.SysTick_Handler).
Error: L6406E: No space in execution regions with .ANY selector matching system_stm32f1xx.o(.data).
Error: L6406E: No space in execution regions with .ANY selector matching printf1.o(x$fpl$printf1).
Error: L6406E: No space in execution regions with .ANY selector matching main.o(.data).
Error: L6406E: No space in execution regions with .ANY selector matching stm32f1xx_it.o(i.BusFault_Handler).
Error: L6406E: No space in execution regions with .ANY selector matching stm32f1xx_it.o(i.DebugMon_Handler).
Error: L6406E: No space in execution regions with .ANY selector matching stm32f1xx_it.o(i.HardFault_Handler).
Error: L6406E: No space in execution regions with .ANY selector matching stm32f1xx_it.o(i.MemManage_Handler).
Error: L6406E: No space in execution regions with .ANY selector matching stm32f1xx_it.o(i.NMI_Handler).
Error: L6406E: No space in execution regions with .ANY selector matching stm32f1xx_it.o(i.PendSV_Handler).
Error: L6406E: No space in execution regions with .ANY selector matching stm32f1xx_it.o(i.SVC_Handler).
Error: L6406E: No space in execution regions with .ANY selector matching stm32f1xx_it.o(i.UsageFault_Handler).
Error: L6406E: No space in execution regions with .ANY selector matching system_stm32f1xx.o(i.SystemInit).
Error: L6406E: No space in execution regions with .ANY selector matching stm32f1xx_hal_uart.o(i.HAL_UARTEx_RxEventCallback).
Error: L6406E: No space in execution regions with .ANY selector matching stm32f1xx_hal_uart.o(i.HAL_UART_ErrorCallback).
Error: L6406E: No space in execution regions with .ANY selector matching stm32f1xx_hal_uart.o(i.HAL_UART_TxCpltCallback).
Error: L6406E: No space in execution regions with .ANY selector matching libshutdown.o(.ARM.Collect$$libshutdown$$00000000).
Error: L6406E: No space in execution regions with .ANY selector matching use_no_semi.o(.text).
Error: L6406E: No space in execution regions with .ANY selector matching usenofp.o(x$fpl$usenofp).
Error: L6406E: No space in execution regions with .ANY selector matching indicate_semi.o(.text).
Error: L6407E: Sections of aggregate size 0x33f0 bytes could not fit into .ANY selector(s).
Not enough information to list image symbols.
Not enough information to list the image map.
Finished: 2 information, 0 warning and 131 error messages.


